[0.011s] Invoking command in '/home/stuart/lane_ws/build/custom_messages': CMAKE_PREFIX_PATH=${CMAKE_PREFIX_PATH}:/home/stuart/lane_ws/install/lane_publisher:/opt/ros/humble /usr/bin/cmake --build /home/stuart/lane_ws/build/custom_messages -- -j16 -l16
[0.027s] -- Found ament_cmake: 1.3.5 (/opt/ros/humble/share/ament_cmake/cmake)
[0.159s] -- Found ament_lint_auto: 0.12.7 (/opt/ros/humble/share/ament_lint_auto/cmake)
[0.221s] -- Found rosidl_default_generators: 1.2.0 (/opt/ros/humble/share/rosidl_default_generators/cmake)
[0.223s] -- Using all available rosidl_typesupport_c: rosidl_typesupport_fastrtps_c;rosidl_typesupport_introspection_c
[0.225s] -- Found rosidl_adapter: 3.1.5 (/opt/ros/humble/share/rosidl_adapter/cmake)
[0.885s] -- Using all available rosidl_typesupport_cpp: rosidl_typesupport_fastrtps_cpp;rosidl_typesupport_introspection_cpp
[1.084s] -- Found ament_cmake_ros: 0.10.0 (/opt/ros/humble/share/ament_cmake_ros/cmake)
[1.250s] -- Using all available rosidl_typesupport_c: rosidl_typesupport_fastrtps_c;rosidl_typesupport_introspection_c
[1.466s] -- Using all available rosidl_typesupport_cpp: rosidl_typesupport_fastrtps_cpp;rosidl_typesupport_introspection_cpp
[1.485s] -- Found python_cmake_module: 0.10.0 (/opt/ros/humble/share/python_cmake_module/cmake)
[1.506s] -- Using PYTHON_EXECUTABLE: /usr/bin/python3
[1.506s] -- Using PYTHON_INCLUDE_DIRS: /usr/include/python3.10
[1.507s] -- Using PYTHON_LIBRARIES: /usr/lib/x86_64-linux-gnu/libpython3.10.so
[1.519s] -- Added test 'lint_cmake' to check CMake code style
[1.520s] -- Added test 'xmllint' to check XML markup files
[1.523s] -- Configuring done
[1.549s] -- Generating done
[1.551s] -- Build files have been written to: /home/stuart/lane_ws/build/custom_messages
[1.567s] [  1%] [34m[1mGenerating C code for ROS interfaces[0m
[1.573s] [  3%] [34m[1mGenerating C++ code for ROS interfaces[0m
[1.579s] [  3%] Built target ament_cmake_python_copy_custom_messages
[1.745s] running egg_info
[1.745s] writing custom_messages.egg-info/PKG-INFO
[1.746s] writing dependency_links to custom_messages.egg-info/dependency_links.txt
[1.746s] writing top-level names to custom_messages.egg-info/top_level.txt
[1.747s] reading manifest file 'custom_messages.egg-info/SOURCES.txt'
[1.748s] writing manifest file 'custom_messages.egg-info/SOURCES.txt'
[1.765s] [  3%] Built target ament_cmake_python_build_custom_messages_egg
[1.872s] [  3%] Built target custom_messages__cpp
[1.880s] [  7%] [34m[1mGenerating C++ type support dispatch for ROS interfaces[0m
[1.880s] [  7%] [34m[1mGenerating C++ type support for eProsima Fast-RTPS[0m
[1.881s] [  9%] [34m[1mGenerating C++ introspection for ROS interfaces[0m
[1.894s] [35m[1mConsolidate compiler generated dependencies of target custom_messages__rosidl_generator_c[0m
[1.902s] [ 14%] [32mBuilding C object CMakeFiles/custom_messages__rosidl_generator_c.dir/rosidl_generator_c/custom_messages/msg/detail/laneid__functions.c.o[0m
[1.902s] [ 14%] [32mBuilding C object CMakeFiles/custom_messages__rosidl_generator_c.dir/rosidl_generator_c/custom_messages/msg/detail/parent_message__functions.c.o[0m
[1.902s] [ 16%] [32mBuilding C object CMakeFiles/custom_messages__rosidl_generator_c.dir/rosidl_generator_c/custom_messages/msg/detail/lanemarkings__functions.c.o[0m
[1.902s] [ 14%] [32mBuilding C object CMakeFiles/custom_messages__rosidl_generator_c.dir/rosidl_generator_c/custom_messages/msg/detail/lanetype__functions.c.o[0m
[1.912s] In file included from [01m[K/home/stuart/lane_ws/build/custom_messages/rosidl_generator_c/custom_messages/msg/detail/parent_message__functions.h:19[m[K,
[1.912s]                  from [01m[K/home/stuart/lane_ws/build/custom_messages/rosidl_generator_c/custom_messages/msg/detail/parent_message__functions.c:4[m[K:
[1.912s] [01m[K/home/stuart/lane_ws/build/custom_messages/rosidl_generator_c/custom_messages/msg/detail/parent_message__struct.h:26:10:[m[K [01;31m[Kfatal error: [m[Kcustom_message/msg/detail/lanemarkings__struct.h: No such file or directory
[1.912s]    26 | #include [01;31m[K"custom_message/msg/detail/lanemarkings__struct.h"[m[K
[1.912s]       |          [01;31m[K^~~~~~~~~~~~~~~~~~~~~~~~~~~~~~~~~~~~~~~~~~~~~~~~~~[m[K
[1.912s] compilation terminated.
[1.912s] gmake[2]: *** [CMakeFiles/custom_messages__rosidl_generator_c.dir/build.make:153: CMakeFiles/custom_messages__rosidl_generator_c.dir/rosidl_generator_c/custom_messages/msg/detail/parent_message__functions.c.o] Error 1
[1.913s] gmake[2]: *** Waiting for unfinished jobs....
[1.930s] gmake[1]: *** [CMakeFiles/Makefile2:213: CMakeFiles/custom_messages__rosidl_generator_c.dir/all] Error 2
[1.930s] gmake[1]: *** Waiting for unfinished jobs....
[2.111s] [35m[1mConsolidate compiler generated dependencies of target custom_messages__rosidl_typesupport_cpp[0m
[2.119s] [ 23%] [32mBuilding CXX object CMakeFiles/custom_messages__rosidl_typesupport_cpp.dir/rosidl_typesupport_cpp/custom_messages/msg/parent_message__type_support.cpp.o[0m
[2.119s] [ 23%] [32mBuilding CXX object CMakeFiles/custom_messages__rosidl_typesupport_cpp.dir/rosidl_typesupport_cpp/custom_messages/msg/laneid__type_support.cpp.o[0m
[2.119s] [ 23%] [32mBuilding CXX object CMakeFiles/custom_messages__rosidl_typesupport_cpp.dir/rosidl_typesupport_cpp/custom_messages/msg/lanemarkings__type_support.cpp.o[0m
[2.119s] [ 23%] [32mBuilding CXX object CMakeFiles/custom_messages__rosidl_typesupport_cpp.dir/rosidl_typesupport_cpp/custom_messages/msg/lanetype__type_support.cpp.o[0m
[2.141s] [35m[1mConsolidate compiler generated dependencies of target custom_messages__rosidl_typesupport_introspection_cpp[0m
[2.151s] [ 29%] [32mBuilding CXX object CMakeFiles/custom_messages__rosidl_typesupport_introspection_cpp.dir/rosidl_typesupport_introspection_cpp/custom_messages/msg/detail/parent_message__type_support.cpp.o[0m
[2.151s] [ 29%] [32mBuilding CXX object CMakeFiles/custom_messages__rosidl_typesupport_introspection_cpp.dir/rosidl_typesupport_introspection_cpp/custom_messages/msg/detail/lanetype__type_support.cpp.o[0m
[2.151s] [ 29%] [32mBuilding CXX object CMakeFiles/custom_messages__rosidl_typesupport_introspection_cpp.dir/rosidl_typesupport_introspection_cpp/custom_messages/msg/detail/laneid__type_support.cpp.o[0m
[2.152s] [ 30%] [32mBuilding CXX object CMakeFiles/custom_messages__rosidl_typesupport_introspection_cpp.dir/rosidl_typesupport_introspection_cpp/custom_messages/msg/detail/lanemarkings__type_support.cpp.o[0m
[2.164s] In file included from [01m[K/home/stuart/lane_ws/build/custom_messages/rosidl_typesupport_cpp/custom_messages/msg/parent_message__type_support.cpp:7[m[K:
[2.164s] [01m[K/home/stuart/lane_ws/build/custom_messages/rosidl_generator_cpp/custom_messages/msg/detail/parent_message__struct.hpp:24:10:[m[K [01;31m[Kfatal error: [m[Kcustom_message/msg/detail/lanemarkings__struct.hpp: No such file or directory
[2.164s]    24 | #include [01;31m[K"custom_message/msg/detail/lanemarkings__struct.hpp"[m[K
[2.164s]       |          [01;31m[K^~~~~~~~~~~~~~~~~~~~~~~~~~~~~~~~~~~~~~~~~~~~~~~~~~~~[m[K
[2.164s] compilation terminated.
[2.165s] gmake[2]: *** [CMakeFiles/custom_messages__rosidl_typesupport_cpp.dir/build.make:98: CMakeFiles/custom_messages__rosidl_typesupport_cpp.dir/rosidl_typesupport_cpp/custom_messages/msg/parent_message__type_support.cpp.o] Error 1
[2.165s] gmake[2]: *** Waiting for unfinished jobs....
[2.175s] [35m[1mConsolidate compiler generated dependencies of target custom_messages__rosidl_typesupport_fastrtps_cpp[0m
[2.185s] [ 36%] [32mBuilding CXX object CMakeFiles/custom_messages__rosidl_typesupport_fastrtps_cpp.dir/rosidl_typesupport_fastrtps_cpp/custom_messages/msg/detail/dds_fastrtps/parent_message__type_support.cpp.o[0m
[2.185s] [ 36%] [32mBuilding CXX object CMakeFiles/custom_messages__rosidl_typesupport_fastrtps_cpp.dir/rosidl_typesupport_fastrtps_cpp/custom_messages/msg/detail/dds_fastrtps/lanetype__type_support.cpp.o[0m
[2.185s] [ 36%] [32mBuilding CXX object CMakeFiles/custom_messages__rosidl_typesupport_fastrtps_cpp.dir/rosidl_typesupport_fastrtps_cpp/custom_messages/msg/detail/dds_fastrtps/lanemarkings__type_support.cpp.o[0m
[2.186s] [ 38%] [32mBuilding CXX object CMakeFiles/custom_messages__rosidl_typesupport_fastrtps_cpp.dir/rosidl_typesupport_fastrtps_cpp/custom_messages/msg/detail/dds_fastrtps/laneid__type_support.cpp.o[0m
[2.200s] In file included from [01m[K/home/stuart/lane_ws/build/custom_messages/rosidl_typesupport_introspection_cpp/custom_messages/msg/detail/parent_message__type_support.cpp:12[m[K:
[2.200s] [01m[K/home/stuart/lane_ws/build/custom_messages/rosidl_generator_cpp/custom_messages/msg/detail/parent_message__struct.hpp:24:10:[m[K [01;31m[Kfatal error: [m[Kcustom_message/msg/detail/lanemarkings__struct.hpp: No such file or directory
[2.200s]    24 | #include [01;31m[K"custom_message/msg/detail/lanemarkings__struct.hpp"[m[K
[2.200s]       |          [01;31m[K^~~~~~~~~~~~~~~~~~~~~~~~~~~~~~~~~~~~~~~~~~~~~~~~~~~~[m[K
[2.200s] compilation terminated.
[2.201s] gmake[2]: *** [CMakeFiles/custom_messages__rosidl_typesupport_introspection_cpp.dir/build.make:112: CMakeFiles/custom_messages__rosidl_typesupport_introspection_cpp.dir/rosidl_typesupport_introspection_cpp/custom_messages/msg/detail/parent_message__type_support.cpp.o] Error 1
[2.201s] gmake[2]: *** Waiting for unfinished jobs....
[2.248s] In file included from [01m[K/home/stuart/lane_ws/build/custom_messages/rosidl_typesupport_fastrtps_cpp/custom_messages/msg/detail/parent_message__rosidl_typesupport_fastrtps_cpp.hpp:11[m[K,
[2.248s]                  from [01m[K/home/stuart/lane_ws/build/custom_messages/rosidl_typesupport_fastrtps_cpp/custom_messages/msg/detail/dds_fastrtps/parent_message__type_support.cpp:4[m[K:
[2.248s] [01m[K/home/stuart/lane_ws/build/custom_messages/rosidl_generator_cpp/custom_messages/msg/detail/parent_message__struct.hpp:24:10:[m[K [01;31m[Kfatal error: [m[Kcustom_message/msg/detail/lanemarkings__struct.hpp: No such file or directory
[2.248s]    24 | #include [01;31m[K"custom_message/msg/detail/lanemarkings__struct.hpp"[m[K
[2.249s]       |          [01;31m[K^~~~~~~~~~~~~~~~~~~~~~~~~~~~~~~~~~~~~~~~~~~~~~~~~~~~[m[K
[2.249s] compilation terminated.
[2.250s] gmake[2]: *** [CMakeFiles/custom_messages__rosidl_typesupport_fastrtps_cpp.dir/build.make:112: CMakeFiles/custom_messages__rosidl_typesupport_fastrtps_cpp.dir/rosidl_typesupport_fastrtps_cpp/custom_messages/msg/detail/dds_fastrtps/parent_message__type_support.cpp.o] Error 1
[2.250s] gmake[2]: *** Waiting for unfinished jobs....
[2.404s] gmake[1]: *** [CMakeFiles/Makefile2:395: CMakeFiles/custom_messages__rosidl_typesupport_cpp.dir/all] Error 2
[2.538s] gmake[1]: *** [CMakeFiles/Makefile2:369: CMakeFiles/custom_messages__rosidl_typesupport_introspection_cpp.dir/all] Error 2
[2.584s] gmake[1]: *** [CMakeFiles/Makefile2:343: CMakeFiles/custom_messages__rosidl_typesupport_fastrtps_cpp.dir/all] Error 2
[2.584s] gmake: *** [Makefile:146: all] Error 2
[2.586s] Invoked command in '/home/stuart/lane_ws/build/custom_messages' returned '2': CMAKE_PREFIX_PATH=${CMAKE_PREFIX_PATH}:/home/stuart/lane_ws/install/lane_publisher:/opt/ros/humble /usr/bin/cmake --build /home/stuart/lane_ws/build/custom_messages -- -j16 -l16
