[0.012s] Invoking command in '/home/stuart/lane_ws/build/custom_messages': CMAKE_PREFIX_PATH=${CMAKE_PREFIX_PATH}:/home/stuart/lane_ws/install/lane_publisher:/opt/ros/humble /usr/bin/cmake --build /home/stuart/lane_ws/build/custom_messages -- -j16 -l16
[0.034s] -- Found ament_cmake: 1.3.5 (/opt/ros/humble/share/ament_cmake/cmake)
[0.165s] -- Found ament_lint_auto: 0.12.7 (/opt/ros/humble/share/ament_lint_auto/cmake)
[0.225s] -- Found rosidl_default_generators: 1.2.0 (/opt/ros/humble/share/rosidl_default_generators/cmake)
[0.226s] -- Using all available rosidl_typesupport_c: rosidl_typesupport_fastrtps_c;rosidl_typesupport_introspection_c
[0.229s] -- Found rosidl_adapter: 3.1.5 (/opt/ros/humble/share/rosidl_adapter/cmake)
[0.922s] -- Using all available rosidl_typesupport_cpp: rosidl_typesupport_fastrtps_cpp;rosidl_typesupport_introspection_cpp
[1.123s] -- Found ament_cmake_ros: 0.10.0 (/opt/ros/humble/share/ament_cmake_ros/cmake)
[1.292s] -- Using all available rosidl_typesupport_c: rosidl_typesupport_fastrtps_c;rosidl_typesupport_introspection_c
[1.509s] -- Using all available rosidl_typesupport_cpp: rosidl_typesupport_fastrtps_cpp;rosidl_typesupport_introspection_cpp
[1.531s] -- Found python_cmake_module: 0.10.0 (/opt/ros/humble/share/python_cmake_module/cmake)
[1.552s] -- Using PYTHON_EXECUTABLE: /usr/bin/python3
[1.552s] -- Using PYTHON_INCLUDE_DIRS: /usr/include/python3.10
[1.553s] -- Using PYTHON_LIBRARIES: /usr/lib/x86_64-linux-gnu/libpython3.10.so
[1.566s] -- Added test 'lint_cmake' to check CMake code style
[1.567s] -- Added test 'xmllint' to check XML markup files
[1.570s] -- Configuring done
[1.597s] -- Generating done
[1.599s] -- Build files have been written to: /home/stuart/lane_ws/build/custom_messages
[1.619s] [35m[1mConsolidate compiler generated dependencies of target custom_messages__rosidl_generator_c[0m
[1.626s] [  1%] Built target custom_messages__cpp
[1.628s] [  3%] [32mBuilding C object CMakeFiles/custom_messages__rosidl_generator_c.dir/rosidl_generator_c/custom_messages/msg/detail/parent_message__functions.c.o[0m
[1.633s] [  3%] Built target ament_cmake_python_copy_custom_messages
[1.634s] [35m[1mConsolidate compiler generated dependencies of target custom_messages__rosidl_typesupport_cpp[0m
[1.634s] [35m[1mConsolidate compiler generated dependencies of target custom_messages__rosidl_typesupport_fastrtps_cpp[0m
[1.634s] [35m[1mConsolidate compiler generated dependencies of target custom_messages__rosidl_typesupport_introspection_cpp[0m
[1.638s] In file included from [01m[K/home/stuart/lane_ws/build/custom_messages/rosidl_generator_c/custom_messages/msg/detail/parent_message__functions.h:19[m[K,
[1.638s]                  from [01m[K/home/stuart/lane_ws/build/custom_messages/rosidl_generator_c/custom_messages/msg/detail/parent_message__functions.c:4[m[K:
[1.638s] [01m[K/home/stuart/lane_ws/build/custom_messages/rosidl_generator_c/custom_messages/msg/detail/parent_message__struct.h:26:10:[m[K [01;31m[Kfatal error: [m[Kcustom_message/msg/detail/lanemarkings__struct.h: No such file or directory
[1.638s]    26 | #include [01;31m[K"custom_message/msg/detail/lanemarkings__struct.h"[m[K
[1.638s]       |          [01;31m[K^~~~~~~~~~~~~~~~~~~~~~~~~~~~~~~~~~~~~~~~~~~~~~~~~~[m[K
[1.638s] compilation terminated.
[1.638s] gmake[2]: *** [CMakeFiles/custom_messages__rosidl_generator_c.dir/build.make:153: CMakeFiles/custom_messages__rosidl_generator_c.dir/rosidl_generator_c/custom_messages/msg/detail/parent_message__functions.c.o] Error 1
[1.639s] gmake[1]: *** [CMakeFiles/Makefile2:213: CMakeFiles/custom_messages__rosidl_generator_c.dir/all] Error 2
[1.639s] gmake[1]: *** Waiting for unfinished jobs....
[1.644s] [  5%] [32mBuilding CXX object CMakeFiles/custom_messages__rosidl_typesupport_cpp.dir/rosidl_typesupport_cpp/custom_messages/msg/parent_message__type_support.cpp.o[0m
[1.644s] [  7%] [32mBuilding CXX object CMakeFiles/custom_messages__rosidl_typesupport_fastrtps_cpp.dir/rosidl_typesupport_fastrtps_cpp/custom_messages/msg/detail/dds_fastrtps/parent_message__type_support.cpp.o[0m
[1.645s] [  9%] [32mBuilding CXX object CMakeFiles/custom_messages__rosidl_typesupport_introspection_cpp.dir/rosidl_typesupport_introspection_cpp/custom_messages/msg/detail/parent_message__type_support.cpp.o[0m
[1.678s] In file included from [01m[K/home/stuart/lane_ws/build/custom_messages/rosidl_typesupport_cpp/custom_messages/msg/parent_message__type_support.cpp:7[m[K:
[1.678s] [01m[K/home/stuart/lane_ws/build/custom_messages/rosidl_generator_cpp/custom_messages/msg/detail/parent_message__struct.hpp:24:10:[m[K [01;31m[Kfatal error: [m[Kcustom_message/msg/detail/lanemarkings__struct.hpp: No such file or directory
[1.678s]    24 | #include [01;31m[K"custom_message/msg/detail/lanemarkings__struct.hpp"[m[K
[1.678s]       |          [01;31m[K^~~~~~~~~~~~~~~~~~~~~~~~~~~~~~~~~~~~~~~~~~~~~~~~~~~~[m[K
[1.678s] compilation terminated.
[1.679s] In file included from [01m[K/home/stuart/lane_ws/build/custom_messages/rosidl_typesupport_fastrtps_cpp/custom_messages/msg/detail/parent_message__rosidl_typesupport_fastrtps_cpp.hpp:11[m[K,
[1.679s]                  from [01m[K/home/stuart/lane_ws/build/custom_messages/rosidl_typesupport_fastrtps_cpp/custom_messages/msg/detail/dds_fastrtps/parent_message__type_support.cpp:4[m[K:
[1.680s] [01m[K/home/stuart/lane_ws/build/custom_messages/rosidl_generator_cpp/custom_messages/msg/detail/parent_message__struct.hpp:24:10:[m[K [01;31m[Kfatal error: [m[Kcustom_message/msg/detail/lanemarkings__struct.hpp: No such file or directory
[1.680s]    24 | #include [01;31m[K"custom_message/msg/detail/lanemarkings__struct.hpp"[m[K
[1.680s]       |          [01;31m[K^~~~~~~~~~~~~~~~~~~~~~~~~~~~~~~~~~~~~~~~~~~~~~~~~~~~[m[K
[1.680s] compilation terminated.
[1.680s] gmake[2]: *** [CMakeFiles/custom_messages__rosidl_typesupport_cpp.dir/build.make:98: CMakeFiles/custom_messages__rosidl_typesupport_cpp.dir/rosidl_typesupport_cpp/custom_messages/msg/parent_message__type_support.cpp.o] Error 1
[1.680s] gmake[1]: *** [CMakeFiles/Makefile2:395: CMakeFiles/custom_messages__rosidl_typesupport_cpp.dir/all] Error 2
[1.681s] gmake[2]: *** [CMakeFiles/custom_messages__rosidl_typesupport_fastrtps_cpp.dir/build.make:112: CMakeFiles/custom_messages__rosidl_typesupport_fastrtps_cpp.dir/rosidl_typesupport_fastrtps_cpp/custom_messages/msg/detail/dds_fastrtps/parent_message__type_support.cpp.o] Error 1
[1.681s] gmake[1]: *** [CMakeFiles/Makefile2:343: CMakeFiles/custom_messages__rosidl_typesupport_fastrtps_cpp.dir/all] Error 2
[1.683s] In file included from [01m[K/home/stuart/lane_ws/build/custom_messages/rosidl_typesupport_introspection_cpp/custom_messages/msg/detail/parent_message__type_support.cpp:12[m[K:
[1.683s] [01m[K/home/stuart/lane_ws/build/custom_messages/rosidl_generator_cpp/custom_messages/msg/detail/parent_message__struct.hpp:24:10:[m[K [01;31m[Kfatal error: [m[Kcustom_message/msg/detail/lanemarkings__struct.hpp: No such file or directory
[1.683s]    24 | #include [01;31m[K"custom_message/msg/detail/lanemarkings__struct.hpp"[m[K
[1.684s]       |          [01;31m[K^~~~~~~~~~~~~~~~~~~~~~~~~~~~~~~~~~~~~~~~~~~~~~~~~~~~[m[K
[1.684s] compilation terminated.
[1.684s] gmake[2]: *** [CMakeFiles/custom_messages__rosidl_typesupport_introspection_cpp.dir/build.make:112: CMakeFiles/custom_messages__rosidl_typesupport_introspection_cpp.dir/rosidl_typesupport_introspection_cpp/custom_messages/msg/detail/parent_message__type_support.cpp.o] Error 1
[1.685s] gmake[1]: *** [CMakeFiles/Makefile2:369: CMakeFiles/custom_messages__rosidl_typesupport_introspection_cpp.dir/all] Error 2
[1.826s] running egg_info
[1.827s] writing custom_messages.egg-info/PKG-INFO
[1.827s] writing dependency_links to custom_messages.egg-info/dependency_links.txt
[1.827s] writing top-level names to custom_messages.egg-info/top_level.txt
[1.829s] reading manifest file 'custom_messages.egg-info/SOURCES.txt'
[1.830s] writing manifest file 'custom_messages.egg-info/SOURCES.txt'
[1.850s] [  9%] Built target ament_cmake_python_build_custom_messages_egg
[1.851s] gmake: *** [Makefile:146: all] Error 2
[1.854s] Invoked command in '/home/stuart/lane_ws/build/custom_messages' returned '2': CMAKE_PREFIX_PATH=${CMAKE_PREFIX_PATH}:/home/stuart/lane_ws/install/lane_publisher:/opt/ros/humble /usr/bin/cmake --build /home/stuart/lane_ws/build/custom_messages -- -j16 -l16
