[0.018s] Invoking command in '/home/stuart/lane_ws/build/custom_messages': CMAKE_PREFIX_PATH=/home/stuart/lane_ws/install/lane_publisher:/opt/ros/humble /usr/bin/cmake /home/stuart/lane_ws/src/custom_messages -DCMAKE_INSTALL_PREFIX=/home/stuart/lane_ws/install/custom_messages
[0.312s] -- The C compiler identification is GNU 11.4.0
[1.807s] -- The CXX compiler identification is GNU 11.4.0
[3.056s] -- Detecting C compiler ABI info
[3.415s] -- Detecting C compiler ABI info - done
[3.424s] -- Check for working C compiler: /usr/bin/cc - skipped
[3.424s] -- Detecting C compile features
[3.424s] -- Detecting C compile features - done
[3.427s] -- Detecting CXX compiler ABI info
[3.749s] -- Detecting CXX compiler ABI info - done
[3.757s] -- Check for working CXX compiler: /usr/bin/c++ - skipped
[3.757s] -- Detecting CXX compile features
[3.758s] -- Detecting CXX compile features - done
[3.759s] -- Found ament_cmake: 1.3.5 (/opt/ros/humble/share/ament_cmake/cmake)
[3.913s] -- Found Python3: /usr/bin/python3.10 (found version "3.10.12") found components: Interpreter 
[3.989s] -- Found ament_lint_auto: 0.12.7 (/opt/ros/humble/share/ament_lint_auto/cmake)
[4.058s] -- Found rosidl_default_generators: 1.2.0 (/opt/ros/humble/share/rosidl_default_generators/cmake)
[4.061s] -- Using all available rosidl_typesupport_c: rosidl_typesupport_fastrtps_c;rosidl_typesupport_introspection_c
[4.066s] -- Found rosidl_adapter: 3.1.5 (/opt/ros/humble/share/rosidl_adapter/cmake)
[4.772s] -- Using all available rosidl_typesupport_cpp: rosidl_typesupport_fastrtps_cpp;rosidl_typesupport_introspection_cpp
[4.972s] -- Found ament_cmake_ros: 0.10.0 (/opt/ros/humble/share/ament_cmake_ros/cmake)
[5.133s] -- Using all available rosidl_typesupport_c: rosidl_typesupport_fastrtps_c;rosidl_typesupport_introspection_c
[5.349s] -- Using all available rosidl_typesupport_cpp: rosidl_typesupport_fastrtps_cpp;rosidl_typesupport_introspection_cpp
[5.770s] -- Found PythonInterp: /usr/bin/python3 (found suitable version "3.10.12", minimum required is "3.6") 
[5.771s] -- Found python_cmake_module: 0.10.0 (/opt/ros/humble/share/python_cmake_module/cmake)
[7.170s] -- Found PythonLibs: /usr/lib/x86_64-linux-gnu/libpython3.10.so (found suitable version "3.10.12", minimum required is "3.5") 
[7.170s] -- Using PYTHON_EXECUTABLE: /usr/bin/python3
[7.170s] -- Using PYTHON_INCLUDE_DIRS: /usr/include/python3.10
[7.170s] -- Using PYTHON_LIBRARIES: /usr/lib/x86_64-linux-gnu/libpython3.10.so
[7.192s] -- Found PythonExtra: .so  
[7.389s] -- Added test 'lint_cmake' to check CMake code style
[7.390s] -- Added test 'xmllint' to check XML markup files
[7.395s] -- Configuring done
[7.424s] -- Generating done
[7.427s] -- Build files have been written to: /home/stuart/lane_ws/build/custom_messages
[7.432s] Invoked command in '/home/stuart/lane_ws/build/custom_messages' returned '0': CMAKE_PREFIX_PATH=/home/stuart/lane_ws/install/lane_publisher:/opt/ros/humble /usr/bin/cmake /home/stuart/lane_ws/src/custom_messages -DCMAKE_INSTALL_PREFIX=/home/stuart/lane_ws/install/custom_messages
[7.434s] Invoking command in '/home/stuart/lane_ws/build/custom_messages': CMAKE_PREFIX_PATH=/home/stuart/lane_ws/install/lane_publisher:/opt/ros/humble /usr/bin/cmake --build /home/stuart/lane_ws/build/custom_messages -- -j16 -l16
[7.464s] [  2%] [34m[1mGenerating C code for ROS interfaces[0m
[7.470s] [  4%] [34m[1mGenerating C++ code for ROS interfaces[0m
[7.477s] [  4%] Built target ament_cmake_python_copy_custom_messages
[7.642s] running egg_info
[7.642s] creating custom_messages.egg-info
[7.642s] writing custom_messages.egg-info/PKG-INFO
[7.642s] writing dependency_links to custom_messages.egg-info/dependency_links.txt
[7.643s] writing top-level names to custom_messages.egg-info/top_level.txt
[7.643s] writing manifest file 'custom_messages.egg-info/SOURCES.txt'
[7.644s] reading manifest file 'custom_messages.egg-info/SOURCES.txt'
[7.644s] writing manifest file 'custom_messages.egg-info/SOURCES.txt'
[7.662s] [  4%] Built target ament_cmake_python_build_custom_messages_egg
[7.730s] [  4%] Built target custom_messages__cpp
[7.739s] [ 10%] [34m[1mGenerating C++ introspection for ROS interfaces[0m
[7.739s] [ 10%] [34m[1mGenerating C++ type support for eProsima Fast-RTPS[0m
[7.739s] [ 10%] [34m[1mGenerating C++ type support dispatch for ROS interfaces[0m
[7.758s] [ 17%] [32mBuilding C object CMakeFiles/custom_messages__rosidl_generator_c.dir/rosidl_generator_c/custom_messages/msg/detail/parent_message__functions.c.o[0m
[7.758s] [ 17%] [32mBuilding C object CMakeFiles/custom_messages__rosidl_generator_c.dir/rosidl_generator_c/custom_messages/msg/detail/child1__functions.c.o[0m
[7.758s] [ 17%] [32mBuilding C object CMakeFiles/custom_messages__rosidl_generator_c.dir/rosidl_generator_c/custom_messages/msg/detail/child2__functions.c.o[0m
[7.768s] In file included from [01m[K/home/stuart/lane_ws/build/custom_messages/rosidl_generator_c/custom_messages/msg/detail/parent_message__functions.h:19[m[K,
[7.768s]                  from [01m[K/home/stuart/lane_ws/build/custom_messages/rosidl_generator_c/custom_messages/msg/detail/parent_message__functions.c:4[m[K:
[7.768s] [01m[K/home/stuart/lane_ws/build/custom_messages/rosidl_generator_c/custom_messages/msg/detail/parent_message__struct.h:22:10:[m[K [01;31m[Kfatal error: [m[Kmy_custom_msgs/msg/detail/child1__struct.h: No such file or directory
[7.768s]    22 | #include [01;31m[K"my_custom_msgs/msg/detail/child1__struct.h"[m[K
[7.768s]       |          [01;31m[K^~~~~~~~~~~~~~~~~~~~~~~~~~~~~~~~~~~~~~~~~~~~[m[K
[7.768s] compilation terminated.
[7.769s] gmake[2]: *** [CMakeFiles/custom_messages__rosidl_generator_c.dir/build.make:137: CMakeFiles/custom_messages__rosidl_generator_c.dir/rosidl_generator_c/custom_messages/msg/detail/parent_message__functions.c.o] Error 1
[7.769s] gmake[2]: *** Waiting for unfinished jobs....
[7.785s] gmake[1]: *** [CMakeFiles/Makefile2:213: CMakeFiles/custom_messages__rosidl_generator_c.dir/all] Error 2
[7.785s] gmake[1]: *** Waiting for unfinished jobs....
[7.957s] [ 23%] [32mBuilding CXX object CMakeFiles/custom_messages__rosidl_typesupport_cpp.dir/rosidl_typesupport_cpp/custom_messages/msg/child2__type_support.cpp.o[0m
[7.957s] [ 23%] [32mBuilding CXX object CMakeFiles/custom_messages__rosidl_typesupport_cpp.dir/rosidl_typesupport_cpp/custom_messages/msg/child1__type_support.cpp.o[0m
[7.957s] [ 23%] [32mBuilding CXX object CMakeFiles/custom_messages__rosidl_typesupport_cpp.dir/rosidl_typesupport_cpp/custom_messages/msg/parent_message__type_support.cpp.o[0m
[7.990s] [ 25%] [32mBuilding CXX object CMakeFiles/custom_messages__rosidl_typesupport_introspection_cpp.dir/rosidl_typesupport_introspection_cpp/custom_messages/msg/detail/child2__type_support.cpp.o[0m
[7.990s] [ 27%] [32mBuilding CXX object CMakeFiles/custom_messages__rosidl_typesupport_introspection_cpp.dir/rosidl_typesupport_introspection_cpp/custom_messages/msg/detail/parent_message__type_support.cpp.o[0m
[7.991s] [ 29%] [32mBuilding CXX object CMakeFiles/custom_messages__rosidl_typesupport_introspection_cpp.dir/rosidl_typesupport_introspection_cpp/custom_messages/msg/detail/child1__type_support.cpp.o[0m
[8.000s] In file included from [01m[K/home/stuart/lane_ws/build/custom_messages/rosidl_typesupport_cpp/custom_messages/msg/parent_message__type_support.cpp:7[m[K:
[8.000s] [01m[K/home/stuart/lane_ws/build/custom_messages/rosidl_generator_cpp/custom_messages/msg/detail/parent_message__struct.hpp:20:10:[m[K [01;31m[Kfatal error: [m[Kmy_custom_msgs/msg/detail/child1__struct.hpp: No such file or directory
[8.000s]    20 | #include [01;31m[K"my_custom_msgs/msg/detail/child1__struct.hpp"[m[K
[8.000s]       |          [01;31m[K^~~~~~~~~~~~~~~~~~~~~~~~~~~~~~~~~~~~~~~~~~~~~~[m[K
[8.000s] compilation terminated.
[8.002s] gmake[2]: *** [CMakeFiles/custom_messages__rosidl_typesupport_cpp.dir/build.make:94: CMakeFiles/custom_messages__rosidl_typesupport_cpp.dir/rosidl_typesupport_cpp/custom_messages/msg/parent_message__type_support.cpp.o] Error 1
[8.002s] gmake[2]: *** Waiting for unfinished jobs....
[8.004s] [ 36%] [32mBuilding CXX object CMakeFiles/custom_messages__rosidl_typesupport_fastrtps_cpp.dir/rosidl_typesupport_fastrtps_cpp/custom_messages/msg/detail/dds_fastrtps/child2__type_support.cpp.o[0m
[8.004s] [ 36%] [32mBuilding CXX object CMakeFiles/custom_messages__rosidl_typesupport_fastrtps_cpp.dir/rosidl_typesupport_fastrtps_cpp/custom_messages/msg/detail/dds_fastrtps/parent_message__type_support.cpp.o[0m
[8.004s] [ 36%] [32mBuilding CXX object CMakeFiles/custom_messages__rosidl_typesupport_fastrtps_cpp.dir/rosidl_typesupport_fastrtps_cpp/custom_messages/msg/detail/dds_fastrtps/child1__type_support.cpp.o[0m
[8.034s] In file included from [01m[K/home/stuart/lane_ws/build/custom_messages/rosidl_typesupport_introspection_cpp/custom_messages/msg/detail/parent_message__type_support.cpp:12[m[K:
[8.034s] [01m[K/home/stuart/lane_ws/build/custom_messages/rosidl_generator_cpp/custom_messages/msg/detail/parent_message__struct.hpp:20:10:[m[K [01;31m[Kfatal error: [m[Kmy_custom_msgs/msg/detail/child1__struct.hpp: No such file or directory
[8.034s]    20 | #include [01;31m[K"my_custom_msgs/msg/detail/child1__struct.hpp"[m[K
[8.034s]       |          [01;31m[K^~~~~~~~~~~~~~~~~~~~~~~~~~~~~~~~~~~~~~~~~~~~~~[m[K
[8.034s] compilation terminated.
[8.036s] gmake[2]: *** [CMakeFiles/custom_messages__rosidl_typesupport_introspection_cpp.dir/build.make:105: CMakeFiles/custom_messages__rosidl_typesupport_introspection_cpp.dir/rosidl_typesupport_introspection_cpp/custom_messages/msg/detail/parent_message__type_support.cpp.o] Error 1
[8.036s] gmake[2]: *** Waiting for unfinished jobs....
[8.042s] In file included from [01m[K/home/stuart/lane_ws/build/custom_messages/rosidl_typesupport_fastrtps_cpp/custom_messages/msg/detail/parent_message__rosidl_typesupport_fastrtps_cpp.hpp:11[m[K,
[8.042s]                  from [01m[K/home/stuart/lane_ws/build/custom_messages/rosidl_typesupport_fastrtps_cpp/custom_messages/msg/detail/dds_fastrtps/parent_message__type_support.cpp:4[m[K:
[8.042s] [01m[K/home/stuart/lane_ws/build/custom_messages/rosidl_generator_cpp/custom_messages/msg/detail/parent_message__struct.hpp:20:10:[m[K [01;31m[Kfatal error: [m[Kmy_custom_msgs/msg/detail/child1__struct.hpp: No such file or directory
[8.042s]    20 | #include [01;31m[K"my_custom_msgs/msg/detail/child1__struct.hpp"[m[K
[8.042s]       |          [01;31m[K^~~~~~~~~~~~~~~~~~~~~~~~~~~~~~~~~~~~~~~~~~~~~~[m[K
[8.042s] compilation terminated.
[8.043s] gmake[2]: *** [CMakeFiles/custom_messages__rosidl_typesupport_fastrtps_cpp.dir/build.make:105: CMakeFiles/custom_messages__rosidl_typesupport_fastrtps_cpp.dir/rosidl_typesupport_fastrtps_cpp/custom_messages/msg/detail/dds_fastrtps/parent_message__type_support.cpp.o] Error 1
[8.043s] gmake[2]: *** Waiting for unfinished jobs....
[8.168s] gmake[1]: *** [CMakeFiles/Makefile2:395: CMakeFiles/custom_messages__rosidl_typesupport_cpp.dir/all] Error 2
[8.302s] gmake[1]: *** [CMakeFiles/Makefile2:369: CMakeFiles/custom_messages__rosidl_typesupport_introspection_cpp.dir/all] Error 2
[8.317s] gmake[1]: *** [CMakeFiles/Makefile2:343: CMakeFiles/custom_messages__rosidl_typesupport_fastrtps_cpp.dir/all] Error 2
[8.317s] gmake: *** [Makefile:146: all] Error 2
[8.319s] Invoked command in '/home/stuart/lane_ws/build/custom_messages' returned '2': CMAKE_PREFIX_PATH=/home/stuart/lane_ws/install/lane_publisher:/opt/ros/humble /usr/bin/cmake --build /home/stuart/lane_ws/build/custom_messages -- -j16 -l16
