[0.023s] Invoking command in '/home/stuart/lane_ws/build/custom_messages': CMAKE_PREFIX_PATH=/home/stuart/lane_ws/install/lane_publisher:/opt/ros/humble /usr/bin/cmake --build /home/stuart/lane_ws/build/custom_messages -- -j16 -l16
[0.039s] -- Found ament_cmake: 1.3.5 (/opt/ros/humble/share/ament_cmake/cmake)
[0.147s] -- Found ament_lint_auto: 0.12.7 (/opt/ros/humble/share/ament_lint_auto/cmake)
[0.201s] -- Found rosidl_default_generators: 1.2.0 (/opt/ros/humble/share/rosidl_default_generators/cmake)
[0.203s] -- Using all available rosidl_typesupport_c: rosidl_typesupport_fastrtps_c;rosidl_typesupport_introspection_c
[0.205s] -- Found rosidl_adapter: 3.1.5 (/opt/ros/humble/share/rosidl_adapter/cmake)
[0.819s] -- Using all available rosidl_typesupport_cpp: rosidl_typesupport_fastrtps_cpp;rosidl_typesupport_introspection_cpp
[1.016s] -- Found ament_cmake_ros: 0.10.0 (/opt/ros/humble/share/ament_cmake_ros/cmake)
[1.177s] -- Using all available rosidl_typesupport_c: rosidl_typesupport_fastrtps_c;rosidl_typesupport_introspection_c
[1.388s] -- Using all available rosidl_typesupport_cpp: rosidl_typesupport_fastrtps_cpp;rosidl_typesupport_introspection_cpp
[1.409s] -- Found python_cmake_module: 0.10.0 (/opt/ros/humble/share/python_cmake_module/cmake)
[1.429s] -- Using PYTHON_EXECUTABLE: /usr/bin/python3
[1.429s] -- Using PYTHON_INCLUDE_DIRS: /usr/include/python3.10
[1.429s] -- Using PYTHON_LIBRARIES: /usr/lib/x86_64-linux-gnu/libpython3.10.so
[1.442s] -- Added test 'lint_cmake' to check CMake code style
[1.443s] -- Added test 'xmllint' to check XML markup files
[1.445s] -- Configuring done
[1.470s] -- Generating done
[1.472s] -- Build files have been written to: /home/stuart/lane_ws/build/custom_messages
[1.490s] [  2%] [34m[1mGenerating C code for ROS interfaces[0m
[1.496s] [  4%] [34m[1mGenerating C++ code for ROS interfaces[0m
[1.502s] [  4%] Built target ament_cmake_python_copy_custom_messages
[1.672s] running egg_info
[1.673s] writing custom_messages.egg-info/PKG-INFO
[1.673s] writing dependency_links to custom_messages.egg-info/dependency_links.txt
[1.673s] writing top-level names to custom_messages.egg-info/top_level.txt
[1.675s] reading manifest file 'custom_messages.egg-info/SOURCES.txt'
[1.675s] writing manifest file 'custom_messages.egg-info/SOURCES.txt'
[1.694s] [  4%] Built target ament_cmake_python_build_custom_messages_egg
[1.761s] [  4%] Built target custom_messages__cpp
[1.769s] [ 10%] [34m[1mGenerating C++ type support for eProsima Fast-RTPS[0m
[1.769s] [ 10%] [34m[1mGenerating C++ introspection for ROS interfaces[0m
[1.769s] [ 10%] [34m[1mGenerating C++ type support dispatch for ROS interfaces[0m
[1.770s] [35m[1mConsolidate compiler generated dependencies of target custom_messages__rosidl_generator_c[0m
[1.778s] [ 17%] [32mBuilding C object CMakeFiles/custom_messages__rosidl_generator_c.dir/rosidl_generator_c/custom_messages/msg/detail/parent_message__functions.c.o[0m
[1.778s] [ 17%] [32mBuilding C object CMakeFiles/custom_messages__rosidl_generator_c.dir/rosidl_generator_c/custom_messages/msg/detail/child2__functions.c.o[0m
[1.778s] [ 17%] [32mBuilding C object CMakeFiles/custom_messages__rosidl_generator_c.dir/rosidl_generator_c/custom_messages/msg/detail/child1__functions.c.o[0m
[1.787s] In file included from [01m[K/home/stuart/lane_ws/build/custom_messages/rosidl_generator_c/custom_messages/msg/detail/parent_message__functions.h:19[m[K,
[1.787s]                  from [01m[K/home/stuart/lane_ws/build/custom_messages/rosidl_generator_c/custom_messages/msg/detail/parent_message__functions.c:4[m[K:
[1.787s] [01m[K/home/stuart/lane_ws/build/custom_messages/rosidl_generator_c/custom_messages/msg/detail/parent_message__struct.h:24:10:[m[K [01;31m[Kfatal error: [m[Kcustom_messafes/msg/detail/child2__struct.h: No such file or directory
[1.787s]    24 | #include [01;31m[K"custom_messafes/msg/detail/child2__struct.h"[m[K
[1.787s]       |          [01;31m[K^~~~~~~~~~~~~~~~~~~~~~~~~~~~~~~~~~~~~~~~~~~~~[m[K
[1.787s] compilation terminated.
[1.788s] gmake[2]: *** [CMakeFiles/custom_messages__rosidl_generator_c.dir/build.make:137: CMakeFiles/custom_messages__rosidl_generator_c.dir/rosidl_generator_c/custom_messages/msg/detail/parent_message__functions.c.o] Error 1
[1.788s] gmake[2]: *** Waiting for unfinished jobs....
[1.805s] gmake[1]: *** [CMakeFiles/Makefile2:213: CMakeFiles/custom_messages__rosidl_generator_c.dir/all] Error 2
[1.805s] gmake[1]: *** Waiting for unfinished jobs....
[1.978s] [35m[1mConsolidate compiler generated dependencies of target custom_messages__rosidl_typesupport_cpp[0m
[1.986s] [ 23%] [32mBuilding CXX object CMakeFiles/custom_messages__rosidl_typesupport_cpp.dir/rosidl_typesupport_cpp/custom_messages/msg/parent_message__type_support.cpp.o[0m
[1.986s] [ 23%] [32mBuilding CXX object CMakeFiles/custom_messages__rosidl_typesupport_cpp.dir/rosidl_typesupport_cpp/custom_messages/msg/child2__type_support.cpp.o[0m
[1.986s] [ 23%] [32mBuilding CXX object CMakeFiles/custom_messages__rosidl_typesupport_cpp.dir/rosidl_typesupport_cpp/custom_messages/msg/child1__type_support.cpp.o[0m
[1.999s] [35m[1mConsolidate compiler generated dependencies of target custom_messages__rosidl_typesupport_introspection_cpp[0m
[2.008s] [ 29%] [32mBuilding CXX object CMakeFiles/custom_messages__rosidl_typesupport_introspection_cpp.dir/rosidl_typesupport_introspection_cpp/custom_messages/msg/detail/parent_message__type_support.cpp.o[0m
[2.008s] [ 29%] [32mBuilding CXX object CMakeFiles/custom_messages__rosidl_typesupport_introspection_cpp.dir/rosidl_typesupport_introspection_cpp/custom_messages/msg/detail/child2__type_support.cpp.o[0m
[2.008s] [ 29%] [32mBuilding CXX object CMakeFiles/custom_messages__rosidl_typesupport_introspection_cpp.dir/rosidl_typesupport_introspection_cpp/custom_messages/msg/detail/child1__type_support.cpp.o[0m
[2.024s] [35m[1mConsolidate compiler generated dependencies of target custom_messages__rosidl_typesupport_fastrtps_cpp[0m
[2.025s] In file included from [01m[K/home/stuart/lane_ws/build/custom_messages/rosidl_typesupport_cpp/custom_messages/msg/parent_message__type_support.cpp:7[m[K:
[2.025s] [01m[K/home/stuart/lane_ws/build/custom_messages/rosidl_generator_cpp/custom_messages/msg/detail/parent_message__struct.hpp:22:10:[m[K [01;31m[Kfatal error: [m[Kcustom_messafes/msg/detail/child2__struct.hpp: No such file or directory
[2.025s]    22 | #include [01;31m[K"custom_messafes/msg/detail/child2__struct.hpp"[m[K
[2.025s]       |          [01;31m[K^~~~~~~~~~~~~~~~~~~~~~~~~~~~~~~~~~~~~~~~~~~~~~~[m[K
[2.026s] compilation terminated.
[2.027s] gmake[2]: *** [CMakeFiles/custom_messages__rosidl_typesupport_cpp.dir/build.make:94: CMakeFiles/custom_messages__rosidl_typesupport_cpp.dir/rosidl_typesupport_cpp/custom_messages/msg/parent_message__type_support.cpp.o] Error 1
[2.027s] gmake[2]: *** Waiting for unfinished jobs....
[2.033s] [ 31%] [32mBuilding CXX object CMakeFiles/custom_messages__rosidl_typesupport_fastrtps_cpp.dir/rosidl_typesupport_fastrtps_cpp/custom_messages/msg/detail/dds_fastrtps/parent_message__type_support.cpp.o[0m
[2.033s] [ 36%] [32mBuilding CXX object CMakeFiles/custom_messages__rosidl_typesupport_fastrtps_cpp.dir/rosidl_typesupport_fastrtps_cpp/custom_messages/msg/detail/dds_fastrtps/child1__type_support.cpp.o[0m
[2.033s] [ 36%] [32mBuilding CXX object CMakeFiles/custom_messages__rosidl_typesupport_fastrtps_cpp.dir/rosidl_typesupport_fastrtps_cpp/custom_messages/msg/detail/dds_fastrtps/child2__type_support.cpp.o[0m
[2.068s] In file included from [01m[K/home/stuart/lane_ws/build/custom_messages/rosidl_typesupport_introspection_cpp/custom_messages/msg/detail/parent_message__type_support.cpp:12[m[K:
[2.069s] [01m[K/home/stuart/lane_ws/build/custom_messages/rosidl_generator_cpp/custom_messages/msg/detail/parent_message__struct.hpp:22:10:[m[K [01;31m[Kfatal error: [m[Kcustom_messafes/msg/detail/child2__struct.hpp: No such file or directory
[2.069s]    22 | #include [01;31m[K"custom_messafes/msg/detail/child2__struct.hpp"[m[K
[2.069s]       |          [01;31m[K^~~~~~~~~~~~~~~~~~~~~~~~~~~~~~~~~~~~~~~~~~~~~~~[m[K
[2.069s] compilation terminated.
[2.070s] gmake[2]: *** [CMakeFiles/custom_messages__rosidl_typesupport_introspection_cpp.dir/build.make:105: CMakeFiles/custom_messages__rosidl_typesupport_introspection_cpp.dir/rosidl_typesupport_introspection_cpp/custom_messages/msg/detail/parent_message__type_support.cpp.o] Error 1
[2.070s] gmake[2]: *** Waiting for unfinished jobs....
[2.091s] In file included from [01m[K/home/stuart/lane_ws/build/custom_messages/rosidl_typesupport_fastrtps_cpp/custom_messages/msg/detail/parent_message__rosidl_typesupport_fastrtps_cpp.hpp:11[m[K,
[2.092s]                  from [01m[K/home/stuart/lane_ws/build/custom_messages/rosidl_typesupport_fastrtps_cpp/custom_messages/msg/detail/dds_fastrtps/parent_message__type_support.cpp:4[m[K:
[2.092s] [01m[K/home/stuart/lane_ws/build/custom_messages/rosidl_generator_cpp/custom_messages/msg/detail/parent_message__struct.hpp:22:10:[m[K [01;31m[Kfatal error: [m[Kcustom_messafes/msg/detail/child2__struct.hpp: No such file or directory
[2.092s]    22 | #include [01;31m[K"custom_messafes/msg/detail/child2__struct.hpp"[m[K
[2.092s]       |          [01;31m[K^~~~~~~~~~~~~~~~~~~~~~~~~~~~~~~~~~~~~~~~~~~~~~~[m[K
[2.092s] compilation terminated.
[2.093s] gmake[2]: *** [CMakeFiles/custom_messages__rosidl_typesupport_fastrtps_cpp.dir/build.make:105: CMakeFiles/custom_messages__rosidl_typesupport_fastrtps_cpp.dir/rosidl_typesupport_fastrtps_cpp/custom_messages/msg/detail/dds_fastrtps/parent_message__type_support.cpp.o] Error 1
[2.093s] gmake[2]: *** Waiting for unfinished jobs....
[2.266s] gmake[1]: *** [CMakeFiles/Makefile2:395: CMakeFiles/custom_messages__rosidl_typesupport_cpp.dir/all] Error 2
[2.324s] gmake[1]: *** [CMakeFiles/Makefile2:369: CMakeFiles/custom_messages__rosidl_typesupport_introspection_cpp.dir/all] Error 2
[2.396s] gmake[1]: *** [CMakeFiles/Makefile2:343: CMakeFiles/custom_messages__rosidl_typesupport_fastrtps_cpp.dir/all] Error 2
[2.396s] gmake: *** [Makefile:146: all] Error 2
[2.398s] Invoked command in '/home/stuart/lane_ws/build/custom_messages' returned '2': CMAKE_PREFIX_PATH=/home/stuart/lane_ws/install/lane_publisher:/opt/ros/humble /usr/bin/cmake --build /home/stuart/lane_ws/build/custom_messages -- -j16 -l16
